Arguments: 
  /home/ajunge/.nvm/versions/node/v9.8.0/bin/node /home/ajunge/.nvm/versions/node/v9.8.0/bin/yarn i

PATH: 
  /home/ajunge/.nvm/versions/node/v9.8.0/bin:/home/ajunge/.yarn/bin:/home/ajunge/.config/yarn/global/node_modules/.bin:/usr/local/heroku/bin:/home/ajunge/.local/bin:/home/ajunge/.cargo/bin:/home/ajunge/bin:/usr/local/sbin:/usr/local/bin:/usr/sbin:/usr/bin:/sbin:/bin:/usr/games:/usr/local/games:/snap/bin:/home/ajunge/Android/Sdk/tools:/home/ajunge/Android/Sdk/platform-tools:/home/ajunge/workgo/bin

Yarn version: 
  1.5.1

Node version: 
  9.8.0

Platform: 
  linux x64

npm manifest: 
  {
    "name": "cryptomkt-promise",
    "version": "0.1.0",
    "description": "CryptoMKT REST API wrapper using Bluebird promises",
    "keywords": [
      "cryptomkt",
      "btc",
      "eth",
      "xlm",
      "clp",
      "bitcoin",
      "ethereum",
      "bluebird",
      "promise",
      "rest",
      "api",
      "wrapper"
    ],
    "author": {
      "name": "Andres Junge <ajunge@gmail.com>"
    },
    "license": "MIT",
    "dependencies": {
      "bluebird": "^3.5.0",
      "request": "^2.81.0",
      "request-promise": "^4.2.1",
      "underscore": "1.8.3"
    },
    "repository": {
      "type": "git",
      "url": "https://github.com/ajunge/cryptomkt-promise"
    },
    "main": "cryptomkt.js",
    "engines": {
      "node": ">=4"
    },
    "bugs": {
      "url": "https://github.com/ajunge/cryptomkt-promise/issues",
      "email": "ajunge@gmail.com"
    },
    "readmeFilename": "README.md"
  }

yarn manifest: 
  No manifest

Lockfile: 
  No lockfile

Trace: 
  Error: Command "i" not found.
      at new MessageError (/home/ajunge/.nvm/versions/node/v9.8.0/lib/node_modules/yarn/lib/cli.js:186:110)
      at /home/ajunge/.nvm/versions/node/v9.8.0/lib/node_modules/yarn/lib/cli.js:87307:17
      at Generator.next (<anonymous>)
      at step (/home/ajunge/.nvm/versions/node/v9.8.0/lib/node_modules/yarn/lib/cli.js:98:30)
      at /home/ajunge/.nvm/versions/node/v9.8.0/lib/node_modules/yarn/lib/cli.js:116:14
      at new Promise (<anonymous>)
      at new F (/home/ajunge/.nvm/versions/node/v9.8.0/lib/node_modules/yarn/lib/cli.js:23451:28)
      at /home/ajunge/.nvm/versions/node/v9.8.0/lib/node_modules/yarn/lib/cli.js:95:12
      at runCommand (/home/ajunge/.nvm/versions/node/v9.8.0/lib/node_modules/yarn/lib/cli.js:87312:22)
      at Object.<anonymous> (/home/ajunge/.nvm/versions/node/v9.8.0/lib/node_modules/yarn/lib/cli.js:87412:14)
